2019-07-24 18:15:59,933 - /Users/zzy/PycharmProjects/python-workspace/stock/st_pool/get_fund_data/fund_old_data/test.py[line:87] - WARNING: sdfasdfasd
2019-07-24 18:16:35,943 - /Users/zzy/PycharmProjects/python-workspace/stock/st_pool/views.py[line:220] - WARNING: codes.count19
2019-07-24 18:16:46,213 - /Users/zzy/PycharmProjects/python-workspace/stock/st_pool/views.py[line:220] - WARNING: codes.count19
2019-07-24 18:16:56,485 - /Users/zzy/PycharmProjects/python-workspace/stock/st_pool/views.py[line:220] - WARNING: codes.count19
2019-07-24 18:17:06,747 - /Users/zzy/PycharmProjects/python-workspace/stock/st_pool/views.py[line:220] - WARNING: codes.count19
2019-07-24 18:17:17,010 - /Users/zzy/PycharmProjects/python-workspace/stock/st_pool/views.py[line:220] - WARNING: codes.count19
2019-07-24 18:17:27,276 - /Users/zzy/PycharmProjects/python-workspace/stock/st_pool/views.py[line:220] - WARNING: codes.count19
2019-07-24 18:17:37,947 - /Users/zzy/PycharmProjects/python-workspace/stock/st_pool/views.py[line:220] - WARNING: codes.count19
2019-07-24 18:17:48,208 - /Users/zzy/PycharmProjects/python-workspace/stock/st_pool/views.py[line:220] - WARNING: codes.count19
2019-07-24 18:17:58,494 - /Users/zzy/PycharmProjects/python-workspace/stock/st_pool/views.py[line:220] - WARNING: codes.count19
2019-07-24 18:18:08,758 - /Users/zzy/PycharmProjects/python-workspace/stock/st_pool/views.py[line:220] - WARNING: codes.count19
2019-07-24 18:18:19,034 - /Users/zzy/PycharmProjects/python-workspace/stock/st_pool/views.py[line:220] - WARNING: codes.count19
2019-07-24 18:18:29,295 - /Users/zzy/PycharmProjects/python-workspace/stock/st_pool/views.py[line:220] - WARNING: codes.count19
2019-07-24 18:18:39,713 - /Users/zzy/PycharmProjects/python-workspace/stock/st_pool/views.py[line:220] - WARNING: codes.count19
2019-07-24 18:18:49,975 - /Users/zzy/PycharmProjects/python-workspace/stock/st_pool/views.py[line:220] - WARNING: codes.count19
2019-07-24 18:19:00,252 - /Users/zzy/PycharmProjects/python-workspace/stock/st_pool/views.py[line:220] - WARNING: codes.count19
2019-07-24 18:19:10,529 - /Users/zzy/PycharmProjects/python-workspace/stock/st_pool/views.py[line:220] - WARNING: codes.count19
2019-07-24 18:19:20,820 - /Users/zzy/PycharmProjects/python-workspace/stock/st_pool/views.py[line:220] - WARNING: codes.count19
2019-07-24 18:19:31,123 - /Users/zzy/PycharmProjects/python-workspace/stock/st_pool/views.py[line:220] - WARNING: codes.count19
2019-07-24 18:19:41,709 - /Users/zzy/PycharmProjects/python-workspace/stock/st_pool/views.py[line:220] - WARNING: codes.count19
2019-07-25 10:16:41,968 - /Users/zzy/PycharmProjects/python-workspace/stock/st_pool/views.py[line:220] - WARNING: codes.count1
2019-07-25 10:18:49,048 - /Users/zzy/PycharmProjects/python-workspace/stock/st_pool/views.py[line:220] - WARNING: codes.count2
2019-07-25 10:18:59,110 - /Users/zzy/PycharmProjects/python-workspace/stock/st_pool/views.py[line:220] - WARNING: codes.count2
2019-07-25 10:59:48,583 - /Users/zzy/PycharmProjects/python-workspace/stock/st_pool/get_fund_data/fund_old_data/get_fund_old_data.py[line:109] - ERROR: Forbidden
2019-07-25 11:17:47,236 - /Users/zzy/PycharmProjects/python-workspace/stock/st_pool/get_fund_data/fund_old_data/get_fund_old_data.py[line:116] - ERROR: parseString error 
2019-07-25 11:54:15,078 - /Users/zzy/PycharmProjects/python-workspace/stock/st_pool/views.py[line:223] - ERROR: codes.count2
2019-07-25 11:54:25,536 - /Users/zzy/PycharmProjects/python-workspace/stock/st_pool/views.py[line:223] - ERROR: codes.count2
2019-07-25 11:57:27,614 - /Users/zzy/PycharmProjects/python-workspace/stock/st_pool/views.py[line:225] - ERROR: codes.count3
2019-07-25 11:57:37,751 - /Users/zzy/PycharmProjects/python-workspace/stock/st_pool/views.py[line:225] - ERROR: codes.count3
2019-07-25 11:57:47,879 - /Users/zzy/PycharmProjects/python-workspace/stock/st_pool/views.py[line:225] - ERROR: codes.count3
